# JRE version: OpenJDK Runtime Environment (8.0_152-b01) (build 1.8.0_152-release-915-b01)
# Java VM: OpenJDK 64-Bit Server VM (25.152-b01 mixed mode windows-amd64 compressed oops)
Heap:
 PSYoungGen      total 157696K, used 73123K [0x00000000e0000000, 0x00000000eb680000, 0x0000000100000000)
  eden space 139776K, 42% used [0x00000000e0000000,0x00000000e39c4328,0x00000000e8880000)
  from space 17920K, 77% used [0x00000000ea500000,0x00000000eb2a4b50,0x00000000eb680000)
  to   space 23552K, 0% used [0x00000000e8880000,0x00000000e8880000,0x00000000e9f80000)
 ParOldGen       total 86528K, used 67460K [0x00000000a0000000, 0x00000000a5480000, 0x00000000e0000000)
  object space 86528K, 77% used [0x00000000a0000000,0x00000000a41e1048,0x00000000a5480000)
 Metaspace       used 85234K, capacity 93998K, committed 94168K, reserved 1130496K
  class space    used 11486K, capacity 13463K, committed 13568K, reserved 1048576K
GC Heap History (10 events):
Event: 897.689 GC heap before
{Heap before GC invocations=29 (full 3):
 PSYoungGen      total 190464K, used 190070K [0x00000000e0000000, 0x00000000ed700000, 0x0000000100000000)
  eden space 168448K, 100% used [0x00000000e0000000,0x00000000ea480000,0x00000000ea480000)
  from space 22016K, 98% used [0x00000000ebd80000,0x00000000ed29db90,0x00000000ed300000)
  to   space 4096K, 0% used [0x00000000ed300000,0x00000000ed300000,0x00000000ed700000)
 ParOldGen       total 86528K, used 51080K [0x00000000a0000000, 0x00000000a5480000, 0x00000000e0000000)
  object space 86528K, 59% used [0x00000000a0000000,0x00000000a31e2030,0x00000000a5480000)
 Metaspace       used 81767K, capacity 88168K, committed 88408K, reserved 1126400K
  class space    used 10889K, capacity 12389K, committed 12416K, reserved 1048576K
Event: 897.901 GC heap after
Heap after GC invocations=29 (full 3):
 PSYoungGen      total 166400K, used 4065K [0x00000000e0000000, 0x00000000ed700000, 0x0000000100000000)
  eden space 162304K, 0% used [0x00000000e0000000,0x00000000e0000000,0x00000000e9e80000)
  from space 4096K, 99% used [0x00000000ed300000,0x00000000ed6f85a0,0x00000000ed700000)
  to   space 26624K, 0% used [0x00000000ea300000,0x00000000ea300000,0x00000000ebd00000)
 ParOldGen       total 86528K, used 66106K [0x00000000a0000000, 0x00000000a5480000, 0x00000000e0000000)
  object space 86528K, 76% used [0x00000000a0000000,0x00000000a408ea38,0x00000000a5480000)
 Metaspace       used 81767K, capacity 88168K, committed 88408K, reserved 1126400K
  class space    used 10889K, capacity 12389K, committed 12416K, reserved 1048576K
}
Event: 1012.428 GC heap before
{Heap before GC invocations=30 (full 3):
 PSYoungGen      total 166400K, used 166369K [0x00000000e0000000, 0x00000000ed700000, 0x0000000100000000)
  eden space 162304K, 100% used [0x00000000e0000000,0x00000000e9e80000,0x00000000e9e80000)
  from space 4096K, 99% used [0x00000000ed300000,0x00000000ed6f85a0,0x00000000ed700000)
  to   space 26624K, 0% used [0x00000000ea300000,0x00000000ea300000,0x00000000ebd00000)
 ParOldGen       total 86528K, used 66106K [0x00000000a0000000, 0x00000000a5480000, 0x00000000e0000000)
  object space 86528K, 76% used [0x00000000a0000000,0x00000000a408ea38,0x00000000a5480000)
 Metaspace       used 82321K, capacity 89080K, committed 89304K, reserved 1126400K
  class space    used 10974K, capacity 12544K, committed 12544K, reserved 1048576K
Event: 1012.573 GC heap after
Heap after GC invocations=30 (full 3):
 PSYoungGen      total 163840K, used 7216K [0x00000000e0000000, 0x00000000ed380000, 0x0000000100000000)
  eden space 156160K, 0% used [0x00000000e0000000,0x00000000e0000000,0x00000000e9880000)
  from space 7680K, 93% used [0x00000000ea300000,0x00000000eaa0c010,0x00000000eaa80000)
  to   space 26112K, 0% used [0x00000000eba00000,0x00000000eba00000,0x00000000ed380000)
 ParOldGen       total 86528K, used 67436K [0x00000000a0000000, 0x00000000a5480000, 0x00000000e0000000)
  object space 86528K, 77% used [0x00000000a0000000,0x00000000a41db048,0x00000000a5480000)
 Metaspace       used 82321K, capacity 89080K, committed 89304K, reserved 1126400K
  class space    used 10974K, capacity 12544K, committed 12544K, reserved 1048576K
}
Event: 1027.045 GC heap before
{Heap before GC invocations=31 (full 3):
 PSYoungGen      total 163840K, used 163376K [0x00000000e0000000, 0x00000000ed380000, 0x0000000100000000)
  eden space 156160K, 100% used [0x00000000e0000000,0x00000000e9880000,0x00000000e9880000)
  from space 7680K, 93% used [0x00000000ea300000,0x00000000eaa0c010,0x00000000eaa80000)
  to   space 26112K, 0% used [0x00000000eba00000,0x00000000eba00000,0x00000000ed380000)
 ParOldGen       total 86528K, used 67436K [0x00000000a0000000, 0x00000000a5480000, 0x00000000e0000000)
  object space 86528K, 77% used [0x00000000a0000000,0x00000000a41db048,0x00000000a5480000)
 Metaspace       used 83217K, capacity 90460K, committed 90712K, reserved 1126400K
  class space    used 11140K, capacity 12836K, committed 12928K, reserved 1048576K
Event: 1027.179 GC heap after
Heap after GC invocations=31 (full 3):
 PSYoungGen      total 160768K, used 10049K [0x00000000e0000000, 0x00000000ec400000, 0x0000000100000000)
  eden space 150528K, 0% used [0x00000000e0000000,0x00000000e0000000,0x00000000e9300000)
  from space 10240K, 98% used [0x00000000eba00000,0x00000000ec3d05a0,0x00000000ec400000)
  to   space 25088K, 0% used [0x00000000e9300000,0x00000000e9300000,0x00000000eab80000)
 ParOldGen       total 86528K, used 67444K [0x00000000a0000000, 0x00000000a5480000, 0x00000000e0000000)
  object space 86528K, 77% used [0x00000000a0000000,0x00000000a41dd048,0x00000000a5480000)
 Metaspace       used 83217K, capacity 90460K, committed 90712K, reserved 1126400K
  class space    used 11140K, capacity 12836K, committed 12928K, reserved 1048576K
}
Event: 1435.840 GC heap before
{Heap before GC invocations=32 (full 3):
 PSYoungGen      total 160768K, used 160577K [0x00000000e0000000, 0x00000000ec400000, 0x0000000100000000)
  eden space 150528K, 100% used [0x00000000e0000000,0x00000000e9300000,0x00000000e9300000)
  from space 10240K, 98% used [0x00000000eba00000,0x00000000ec3d05a0,0x00000000ec400000)
  to   space 25088K, 0% used [0x00000000e9300000,0x00000000e9300000,0x00000000eab80000)
 ParOldGen       total 86528K, used 67444K [0x00000000a0000000, 0x00000000a5480000, 0x00000000e0000000)
  object space 86528K, 77% used [0x00000000a0000000,0x00000000a41dd048,0x00000000a5480000)
 Metaspace       used 84149K, capacity 92388K, committed 92504K, reserved 1128448K
  class space    used 11306K, capacity 13164K, committed 13184K, reserved 1048576K
Event: 1435.881 GC heap after
Heap after GC invocations=32 (full 3):
 PSYoungGen      total 156160K, used 10993K [0x00000000e0000000, 0x00000000ebc80000, 0x0000000100000000)
  eden space 144896K, 0% used [0x00000000e0000000,0x00000000e0000000,0x00000000e8d80000)
  from space 11264K, 97% used [0x00000000e9300000,0x00000000e9dbc5b0,0x00000000e9e00000)
  to   space 24064K, 0% used [0x00000000ea500000,0x00000000ea500000,0x00000000ebc80000)
 ParOldGen       total 86528K, used 67452K [0x00000000a0000000, 0x00000000a5480000, 0x00000000e0000000)
  object space 86528K, 77% used [0x00000000a0000000,0x00000000a41df048,0x00000000a5480000)
 Metaspace       used 84149K, capacity 92388K, committed 92504K, reserved 1128448K
  class space    used 11306K, capacity 13164K, committed 13184K, reserved 1048576K
}
Event: 1449.863 GC heap before
{Heap before GC invocations=33 (full 3):
 PSYoungGen      total 156160K, used 155889K [0x00000000e0000000, 0x00000000ebc80000, 0x0000000100000000)
  eden space 144896K, 100% used [0x00000000e0000000,0x00000000e8d80000,0x00000000e8d80000)
  from space 11264K, 97% used [0x00000000e9300000,0x00000000e9dbc5b0,0x00000000e9e00000)
  to   space 24064K, 0% used [0x00000000ea500000,0x00000000ea500000,0x00000000ebc80000)
 ParOldGen       total 86528K, used 67452K [0x00000000a0000000, 0x00000000a5480000, 0x00000000e0000000)
  object space 86528K, 77% used [0x00000000a0000000,0x00000000a41df048,0x00000000a5480000)
 Metaspace       used 85017K, capacity 93622K, committed 93784K, reserved 1130496K
  class space    used 11448K, capacity 13371K, committed 13440K, reserved 1048576K
Event: 1449.929 GC heap after
Heap after GC invocations=33 (full 3):
 PSYoungGen      total 157696K, used 13970K [0x00000000e0000000, 0x00000000eb680000, 0x0000000100000000)
  eden space 139776K, 0% used [0x00000000e0000000,0x00000000e0000000,0x00000000e8880000)
  from space 17920K, 77% used [0x00000000ea500000,0x00000000eb2a4b50,0x00000000eb680000)
  to   space 23552K, 0% used [0x00000000e8880000,0x00000000e8880000,0x00000000e9f80000)
 ParOldGen       total 86528K, used 67460K [0x00000000a0000000, 0x00000000a5480000, 0x00000000e0000000)
  object space 86528K, 77% used [0x00000000a0000000,0x00000000a41e1048,0x00000000a5480000)
 Metaspace       used 85017K, capacity 93622K, committed 93784K, reserved 1130496K
  class space    used 11448K, capacity 13371K, committed 13440K, reserved 1048576K
}

