# JRE version: OpenJDK Runtime Environment (8.0_152-b01) (build 1.8.0_152-release-915-b01)
# Java VM: OpenJDK 64-Bit Server VM (25.152-b01 mixed mode windows-amd64 compressed oops)
Heap:
 PSYoungGen      total 247296K, used 90051K [0x00000000e0000000, 0x00000000f1680000, 0x0000000100000000)
  eden space 217600K, 31% used [0x00000000e0000000,0x00000000e42f9ad0,0x00000000ed480000)
  from space 29696K, 72% used [0x00000000ef980000,0x00000000f0e771f0,0x00000000f1680000)
  to   space 33792K, 0% used [0x00000000ed480000,0x00000000ed480000,0x00000000ef580000)
 ParOldGen       total 109056K, used 46351K [0x00000000a0000000, 0x00000000a6a80000, 0x00000000e0000000)
  object space 109056K, 42% used [0x00000000a0000000,0x00000000a2d43f40,0x00000000a6a80000)
 Metaspace       used 56562K, capacity 58350K, committed 58496K, reserved 1099776K
  class space    used 6694K, capacity 7189K, committed 7296K, reserved 1048576K
GC Heap History (10 events):
Event: 1506.305 GC heap before
{Heap before GC invocations=24 (full 4):
 PSYoungGen      total 132608K, used 132578K [0x00000000e0000000, 0x00000000ec180000, 0x0000000100000000)
  eden space 109568K, 100% used [0x00000000e0000000,0x00000000e6b00000,0x00000000e6b00000)
  from space 23040K, 99% used [0x00000000e6b00000,0x00000000e8178870,0x00000000e8180000)
  to   space 26624K, 0% used [0x00000000ea780000,0x00000000ea780000,0x00000000ec180000)
 ParOldGen       total 109056K, used 41103K [0x00000000a0000000, 0x00000000a6a80000, 0x00000000e0000000)
  object space 109056K, 37% used [0x00000000a0000000,0x00000000a2823fe0,0x00000000a6a80000)
 Metaspace       used 52619K, capacity 53936K, committed 54144K, reserved 1097728K
  class space    used 6377K, capacity 6704K, committed 6784K, reserved 1048576K
Event: 1506.375 GC heap after
Heap after GC invocations=24 (full 4):
 PSYoungGen      total 169472K, used 18621K [0x00000000e0000000, 0x00000000ec280000, 0x0000000100000000)
  eden space 142848K, 0% used [0x00000000e0000000,0x00000000e0000000,0x00000000e8b80000)
  from space 26624K, 69% used [0x00000000ea780000,0x00000000eb9af4c8,0x00000000ec180000)
  to   space 28160K, 0% used [0x00000000e8b80000,0x00000000e8b80000,0x00000000ea700000)
 ParOldGen       total 109056K, used 41596K [0x00000000a0000000, 0x00000000a6a80000, 0x00000000e0000000)
  object space 109056K, 38% used [0x00000000a0000000,0x00000000a289f020,0x00000000a6a80000)
 Metaspace       used 52619K, capacity 53936K, committed 54144K, reserved 1097728K
  class space    used 6377K, capacity 6704K, committed 6784K, reserved 1048576K
}
Event: 1581.965 GC heap before
{Heap before GC invocations=25 (full 4):
 PSYoungGen      total 169472K, used 161469K [0x00000000e0000000, 0x00000000ec280000, 0x0000000100000000)
  eden space 142848K, 100% used [0x00000000e0000000,0x00000000e8b80000,0x00000000e8b80000)
  from space 26624K, 69% used [0x00000000ea780000,0x00000000eb9af4c8,0x00000000ec180000)
  to   space 28160K, 0% used [0x00000000e8b80000,0x00000000e8b80000,0x00000000ea700000)
 ParOldGen       total 109056K, used 41596K [0x00000000a0000000, 0x00000000a6a80000, 0x00000000e0000000)
  object space 109056K, 38% used [0x00000000a0000000,0x00000000a289f020,0x00000000a6a80000)
 Metaspace       used 53394K, capacity 54860K, committed 55040K, reserved 1097728K
  class space    used 6437K, capacity 6812K, committed 6912K, reserved 1048576K
Event: 1582.698 GC heap after
Heap after GC invocations=25 (full 4):
 PSYoungGen      total 171008K, used 25116K [0x00000000e0000000, 0x00000000ef080000, 0x0000000100000000)
  eden space 142848K, 0% used [0x00000000e0000000,0x00000000e0000000,0x00000000e8b80000)
  from space 28160K, 89% used [0x00000000e8b80000,0x00000000ea407180,0x00000000ea700000)
  to   space 31232K, 0% used [0x00000000ed200000,0x00000000ed200000,0x00000000ef080000)
 ParOldGen       total 109056K, used 43867K [0x00000000a0000000, 0x00000000a6a80000, 0x00000000e0000000)
  object space 109056K, 40% used [0x00000000a0000000,0x00000000a2ad6f78,0x00000000a6a80000)
 Metaspace       used 53394K, capacity 54860K, committed 55040K, reserved 1097728K
  class space    used 6437K, capacity 6812K, committed 6912K, reserved 1048576K
}
Event: 1787.770 GC heap before
{Heap before GC invocations=26 (full 4):
 PSYoungGen      total 171008K, used 167964K [0x00000000e0000000, 0x00000000ef080000, 0x0000000100000000)
  eden space 142848K, 100% used [0x00000000e0000000,0x00000000e8b80000,0x00000000e8b80000)
  from space 28160K, 89% used [0x00000000e8b80000,0x00000000ea407180,0x00000000ea700000)
  to   space 31232K, 0% used [0x00000000ed200000,0x00000000ed200000,0x00000000ef080000)
 ParOldGen       total 109056K, used 43867K [0x00000000a0000000, 0x00000000a6a80000, 0x00000000e0000000)
  object space 109056K, 40% used [0x00000000a0000000,0x00000000a2ad6f78,0x00000000a6a80000)
 Metaspace       used 54316K, capacity 55814K, committed 55936K, reserved 1097728K
  class space    used 6505K, capacity 6925K, committed 7040K, reserved 1048576K
Event: 1787.828 GC heap after
Heap after GC invocations=26 (full 4):
 PSYoungGen      total 211456K, used 25381K [0x00000000e0000000, 0x00000000ef200000, 0x0000000100000000)
  eden space 180224K, 0% used [0x00000000e0000000,0x00000000e0000000,0x00000000eb000000)
  from space 31232K, 81% used [0x00000000ed200000,0x00000000eeac96b8,0x00000000ef080000)
  to   space 33792K, 0% used [0x00000000eb000000,0x00000000eb000000,0x00000000ed100000)
 ParOldGen       total 109056K, used 46007K [0x00000000a0000000, 0x00000000a6a80000, 0x00000000e0000000)
  object space 109056K, 42% used [0x00000000a0000000,0x00000000a2cedf00,0x00000000a6a80000)
 Metaspace       used 54316K, capacity 55814K, committed 55936K, reserved 1097728K
  class space    used 6505K, capacity 6925K, committed 7040K, reserved 1048576K
}
Event: 2138.211 GC heap before
{Heap before GC invocations=27 (full 4):
 PSYoungGen      total 211456K, used 205605K [0x00000000e0000000, 0x00000000ef200000, 0x0000000100000000)
  eden space 180224K, 100% used [0x00000000e0000000,0x00000000eb000000,0x00000000eb000000)
  from space 31232K, 81% used [0x00000000ed200000,0x00000000eeac96b8,0x00000000ef080000)
  to   space 33792K, 0% used [0x00000000eb000000,0x00000000eb000000,0x00000000ed100000)
 ParOldGen       total 109056K, used 46007K [0x00000000a0000000, 0x00000000a6a80000, 0x00000000e0000000)
  object space 109056K, 42% used [0x00000000a0000000,0x00000000a2cedf00,0x00000000a6a80000)
 Metaspace       used 55393K, capacity 57142K, committed 57344K, reserved 1099776K
  class space    used 6609K, capacity 7085K, committed 7168K, reserved 1048576K
Event: 2138.512 GC heap after
Heap after GC invocations=27 (full 4):
 PSYoungGen      total 214016K, used 17028K [0x00000000e0000000, 0x00000000f1980000, 0x0000000100000000)
  eden space 180224K, 0% used [0x00000000e0000000,0x00000000e0000000,0x00000000eb000000)
  from space 33792K, 50% used [0x00000000eb000000,0x00000000ec0a1330,0x00000000ed100000)
  to   space 32768K, 0% used [0x00000000ef980000,0x00000000ef980000,0x00000000f1980000)
 ParOldGen       total 109056K, used 46139K [0x00000000a0000000, 0x00000000a6a80000, 0x00000000e0000000)
  object space 109056K, 42% used [0x00000000a0000000,0x00000000a2d0ef10,0x00000000a6a80000)
 Metaspace       used 55393K, capacity 57142K, committed 57344K, reserved 1099776K
  class space    used 6609K, capacity 7085K, committed 7168K, reserved 1048576K
}
Event: 3966.590 GC heap before
{Heap before GC invocations=28 (full 4):
 PSYoungGen      total 214016K, used 197252K [0x00000000e0000000, 0x00000000f1980000, 0x0000000100000000)
  eden space 180224K, 100% used [0x00000000e0000000,0x00000000eb000000,0x00000000eb000000)
  from space 33792K, 50% used [0x00000000eb000000,0x00000000ec0a1330,0x00000000ed100000)
  to   space 32768K, 0% used [0x00000000ef980000,0x00000000ef980000,0x00000000f1980000)
 ParOldGen       total 109056K, used 46139K [0x00000000a0000000, 0x00000000a6a80000, 0x00000000e0000000)
  object space 109056K, 42% used [0x00000000a0000000,0x00000000a2d0ef10,0x00000000a6a80000)
 Metaspace       used 56205K, capacity 57934K, committed 58112K, reserved 1099776K
  class space    used 6674K, capacity 7157K, committed 7168K, reserved 1048576K
Event: 3966.745 GC heap after
Heap after GC invocations=28 (full 4):
 PSYoungGen      total 247296K, used 21468K [0x00000000e0000000, 0x00000000f1680000, 0x0000000100000000)
  eden space 217600K, 0% used [0x00000000e0000000,0x00000000e0000000,0x00000000ed480000)
  from space 29696K, 72% used [0x00000000ef980000,0x00000000f0e771f0,0x00000000f1680000)
  to   space 33792K, 0% used [0x00000000ed480000,0x00000000ed480000,0x00000000ef580000)
 ParOldGen       total 109056K, used 46351K [0x00000000a0000000, 0x00000000a6a80000, 0x00000000e0000000)
  object space 109056K, 42% used [0x00000000a0000000,0x00000000a2d43f40,0x00000000a6a80000)
 Metaspace       used 56205K, capacity 57934K, committed 58112K, reserved 1099776K
  class space    used 6674K, capacity 7157K, committed 7168K, reserved 1048576K
}

