# JRE version: OpenJDK Runtime Environment (8.0_152-b01) (build 1.8.0_152-release-915-b01)
# Java VM: OpenJDK 64-Bit Server VM (25.152-b01 mixed mode windows-amd64 compressed oops)
Heap:
 PSYoungGen      total 163840K, used 77608K [0x00000000e0000000, 0x00000000ee280000, 0x0000000100000000)
  eden space 145408K, 53% used [0x00000000e0000000,0x00000000e4bca320,0x00000000e8e00000)
  from space 18432K, 0% used [0x00000000e8e00000,0x00000000e8e00000,0x00000000ea000000)
  to   space 18432K, 0% used [0x00000000ed080000,0x00000000ed080000,0x00000000ee280000)
 ParOldGen       total 98304K, used 47584K [0x00000000a0000000, 0x00000000a6000000, 0x00000000e0000000)
  object space 98304K, 48% used [0x00000000a0000000,0x00000000a2e78340,0x00000000a6000000)
 Metaspace       used 60705K, capacity 62977K, committed 63252K, reserved 1103872K
  class space    used 8320K, capacity 8897K, committed 9020K, reserved 1048576K
GC Heap History (10 events):
Event: 22.802 GC heap before
{Heap before GC invocations=14 (full 2):
 PSYoungGen      total 97792K, used 88384K [0x00000000e0000000, 0x00000000e9380000, 0x0000000100000000)
  eden space 88576K, 99% used [0x00000000e0000000,0x00000000e5650240,0x00000000e5680000)
  from space 9216K, 0% used [0x00000000e5680000,0x00000000e5680000,0x00000000e5f80000)
  to   space 9216K, 0% used [0x00000000e8a80000,0x00000000e8a80000,0x00000000e9380000)
 ParOldGen       total 50176K, used 16639K [0x00000000a0000000, 0x00000000a3100000, 0x00000000e0000000)
  object space 50176K, 33% used [0x00000000a0000000,0x00000000a103fde0,0x00000000a3100000)
 Metaspace       used 41547K, capacity 42536K, committed 42712K, reserved 1085440K
  class space    used 5540K, capacity 5873K, committed 5888K, reserved 1048576K
Event: 22.819 GC heap after
Heap after GC invocations=14 (full 2):
 PSYoungGen      total 124416K, used 9214K [0x00000000e0000000, 0x00000000e9380000, 0x0000000100000000)
  eden space 115200K, 0% used [0x00000000e0000000,0x00000000e0000000,0x00000000e7080000)
  from space 9216K, 99% used [0x00000000e8a80000,0x00000000e937f9a0,0x00000000e9380000)
  to   space 10752K, 0% used [0x00000000e7e80000,0x00000000e7e80000,0x00000000e8900000)
 ParOldGen       total 50176K, used 17483K [0x00000000a0000000, 0x00000000a3100000, 0x00000000e0000000)
  object space 50176K, 34% used [0x00000000a0000000,0x00000000a1112f10,0x00000000a3100000)
 Metaspace       used 41547K, capacity 42536K, committed 42712K, reserved 1085440K
  class space    used 5540K, capacity 5873K, committed 5888K, reserved 1048576K
}
Event: 26.045 GC heap before
{Heap before GC invocations=15 (full 2):
 PSYoungGen      total 124416K, used 124414K [0x00000000e0000000, 0x00000000e9380000, 0x0000000100000000)
  eden space 115200K, 100% used [0x00000000e0000000,0x00000000e7080000,0x00000000e7080000)
  from space 9216K, 99% used [0x00000000e8a80000,0x00000000e937f9a0,0x00000000e9380000)
  to   space 10752K, 0% used [0x00000000e7e80000,0x00000000e7e80000,0x00000000e8900000)
 ParOldGen       total 50176K, used 17483K [0x00000000a0000000, 0x00000000a3100000, 0x00000000e0000000)
  object space 50176K, 34% used [0x00000000a0000000,0x00000000a1112f10,0x00000000a3100000)
 Metaspace       used 50596K, capacity 52246K, committed 52312K, reserved 1093632K
  class space    used 6793K, capacity 7245K, committed 7296K, reserved 1048576K
Event: 26.079 GC heap after
Heap after GC invocations=15 (full 2):
 PSYoungGen      total 140288K, used 10729K [0x00000000e0000000, 0x00000000eae00000, 0x0000000100000000)
  eden space 129536K, 0% used [0x00000000e0000000,0x00000000e0000000,0x00000000e7e80000)
  from space 10752K, 99% used [0x00000000e7e80000,0x00000000e88fa438,0x00000000e8900000)
  to   space 14336K, 0% used [0x00000000ea000000,0x00000000ea000000,0x00000000eae00000)
 ParOldGen       total 50176K, used 23189K [0x00000000a0000000, 0x00000000a3100000, 0x00000000e0000000)
  object space 50176K, 46% used [0x00000000a0000000,0x00000000a16a57e8,0x00000000a3100000)
 Metaspace       used 50596K, capacity 52246K, committed 52312K, reserved 1093632K
  class space    used 6793K, capacity 7245K, committed 7296K, reserved 1048576K
}
Event: 27.850 GC heap before
{Heap before GC invocations=16 (full 2):
 PSYoungGen      total 140288K, used 140265K [0x00000000e0000000, 0x00000000eae00000, 0x0000000100000000)
  eden space 129536K, 100% used [0x00000000e0000000,0x00000000e7e80000,0x00000000e7e80000)
  from space 10752K, 99% used [0x00000000e7e80000,0x00000000e88fa438,0x00000000e8900000)
  to   space 14336K, 0% used [0x00000000ea000000,0x00000000ea000000,0x00000000eae00000)
 ParOldGen       total 50176K, used 23189K [0x00000000a0000000, 0x00000000a3100000, 0x00000000e0000000)
  object space 50176K, 46% used [0x00000000a0000000,0x00000000a16a57e8,0x00000000a3100000)
 Metaspace       used 55440K, capacity 57562K, committed 57816K, reserved 1099776K
  class space    used 7589K, capacity 8137K, committed 8192K, reserved 1048576K
Event: 27.876 GC heap after
Heap after GC invocations=16 (full 2):
 PSYoungGen      total 159744K, used 14326K [0x00000000e0000000, 0x00000000ec980000, 0x0000000100000000)
  eden space 145408K, 0% used [0x00000000e0000000,0x00000000e0000000,0x00000000e8e00000)
  from space 14336K, 99% used [0x00000000ea000000,0x00000000eadfd940,0x00000000eae00000)
  to   space 18432K, 0% used [0x00000000e8e00000,0x00000000e8e00000,0x00000000ea000000)
 ParOldGen       total 50176K, used 29348K [0x00000000a0000000, 0x00000000a3100000, 0x00000000e0000000)
  object space 50176K, 58% used [0x00000000a0000000,0x00000000a1ca9340,0x00000000a3100000)
 Metaspace       used 55440K, capacity 57562K, committed 57816K, reserved 1099776K
  class space    used 7589K, capacity 8137K, committed 8192K, reserved 1048576K
}
Event: 29.523 GC heap before
{Heap before GC invocations=17 (full 2):
 PSYoungGen      total 159744K, used 106576K [0x00000000e0000000, 0x00000000ec980000, 0x0000000100000000)
  eden space 145408K, 63% used [0x00000000e0000000,0x00000000e5a16750,0x00000000e8e00000)
  from space 14336K, 99% used [0x00000000ea000000,0x00000000eadfd940,0x00000000eae00000)
  to   space 18432K, 0% used [0x00000000e8e00000,0x00000000e8e00000,0x00000000ea000000)
 ParOldGen       total 50176K, used 29348K [0x00000000a0000000, 0x00000000a3100000, 0x00000000e0000000)
  object space 50176K, 58% used [0x00000000a0000000,0x00000000a1ca9340,0x00000000a3100000)
 Metaspace       used 56879K, capacity 58934K, committed 59028K, reserved 1099776K
  class space    used 7794K, capacity 8345K, committed 8380K, reserved 1048576K
Event: 29.562 GC heap after
Heap after GC invocations=17 (full 2):
 PSYoungGen      total 163840K, used 10467K [0x00000000e0000000, 0x00000000ee280000, 0x0000000100000000)
  eden space 145408K, 0% used [0x00000000e0000000,0x00000000e0000000,0x00000000e8e00000)
  from space 18432K, 56% used [0x00000000e8e00000,0x00000000e9838d18,0x00000000ea000000)
  to   space 18432K, 0% used [0x00000000ed080000,0x00000000ed080000,0x00000000ee280000)
 ParOldGen       total 50176K, used 41609K [0x00000000a0000000, 0x00000000a3100000, 0x00000000e0000000)
  object space 50176K, 82% used [0x00000000a0000000,0x00000000a28a2500,0x00000000a3100000)
 Metaspace       used 56879K, capacity 58934K, committed 59028K, reserved 1099776K
  class space    used 7794K, capacity 8345K, committed 8380K, reserved 1048576K
}
Event: 29.562 GC heap before
{Heap before GC invocations=18 (full 3):
 PSYoungGen      total 163840K, used 10467K [0x00000000e0000000, 0x00000000ee280000, 0x0000000100000000)
  eden space 145408K, 0% used [0x00000000e0000000,0x00000000e0000000,0x00000000e8e00000)
  from space 18432K, 56% used [0x00000000e8e00000,0x00000000e9838d18,0x00000000ea000000)
  to   space 18432K, 0% used [0x00000000ed080000,0x00000000ed080000,0x00000000ee280000)
 ParOldGen       total 50176K, used 41609K [0x00000000a0000000, 0x00000000a3100000, 0x00000000e0000000)
  object space 50176K, 82% used [0x00000000a0000000,0x00000000a28a2500,0x00000000a3100000)
 Metaspace       used 56879K, capacity 58934K, committed 59028K, reserved 1099776K
  class space    used 7794K, capacity 8345K, committed 8380K, reserved 1048576K
Event: 30.015 GC heap after
Heap after GC invocations=18 (full 3):
 PSYoungGen      total 163840K, used 0K [0x00000000e0000000, 0x00000000ee280000, 0x0000000100000000)
  eden space 145408K, 0% used [0x00000000e0000000,0x00000000e0000000,0x00000000e8e00000)
  from space 18432K, 0% used [0x00000000e8e00000,0x00000000e8e00000,0x00000000ea000000)
  to   space 18432K, 0% used [0x00000000ed080000,0x00000000ed080000,0x00000000ee280000)
 ParOldGen       total 98304K, used 47584K [0x00000000a0000000, 0x00000000a6000000, 0x00000000e0000000)
  object space 98304K, 48% used [0x00000000a0000000,0x00000000a2e78340,0x00000000a6000000)
 Metaspace       used 56879K, capacity 58934K, committed 59028K, reserved 1099776K
  class space    used 7794K, capacity 8345K, committed 8380K, reserved 1048576K
}

