# JRE version: OpenJDK Runtime Environment (8.0_152-b01) (build 1.8.0_152-release-915-b01)
# Java VM: OpenJDK 64-Bit Server VM (25.152-b01 mixed mode windows-amd64 compressed oops)
Heap:
 PSYoungGen      total 218624K, used 164688K [0x00000000e0000000, 0x00000000ee600000, 0x0000000100000000)
  eden space 201216K, 78% used [0x00000000e0000000,0x00000000e9aad3d0,0x00000000ec480000)
  from space 17408K, 36% used [0x00000000ed500000,0x00000000edb26df8,0x00000000ee600000)
  to   space 16896K, 0% used [0x00000000ec480000,0x00000000ec480000,0x00000000ed500000)
 ParOldGen       total 83968K, used 57207K [0x00000000a0000000, 0x00000000a5200000, 0x00000000e0000000)
  object space 83968K, 68% used [0x00000000a0000000,0x00000000a37ddd20,0x00000000a5200000)
 Metaspace       used 73759K, capacity 77410K, committed 77528K, reserved 1116160K
  class space    used 9766K, capacity 10640K, committed 10752K, reserved 1048576K
GC Heap History (10 events):
Event: 37.065 GC heap before
{Heap before GC invocations=17 (full 2):
 PSYoungGen      total 132096K, used 93960K [0x00000000e0000000, 0x00000000e8f00000, 0x0000000100000000)
  eden space 121344K, 70% used [0x00000000e0000000,0x00000000e53976a8,0x00000000e7680000)
  from space 10752K, 77% used [0x00000000e8200000,0x00000000e8a2abd8,0x00000000e8c80000)
  to   space 11776K, 0% used [0x00000000e7680000,0x00000000e7680000,0x00000000e8200000)
 ParOldGen       total 53760K, used 25063K [0x00000000a0000000, 0x00000000a3480000, 0x00000000e0000000)
  object space 53760K, 46% used [0x00000000a0000000,0x00000000a1879f40,0x00000000a3480000)
 Metaspace       used 57211K, capacity 58978K, committed 59028K, reserved 1099776K
  class space    used 7665K, capacity 8161K, committed 8192K, reserved 1048576K
Event: 37.129 GC heap after
Heap after GC invocations=17 (full 2):
 PSYoungGen      total 133120K, used 9011K [0x00000000e0000000, 0x00000000ec280000, 0x0000000100000000)
  eden space 121344K, 0% used [0x00000000e0000000,0x00000000e0000000,0x00000000e7680000)
  from space 11776K, 76% used [0x00000000e7680000,0x00000000e7f4ccf0,0x00000000e8200000)
  to   space 12288K, 0% used [0x00000000eb680000,0x00000000eb680000,0x00000000ec280000)
 ParOldGen       total 53760K, used 29337K [0x00000000a0000000, 0x00000000a3480000, 0x00000000e0000000)
  object space 53760K, 54% used [0x00000000a0000000,0x00000000a1ca6408,0x00000000a3480000)
 Metaspace       used 57211K, capacity 58978K, committed 59028K, reserved 1099776K
  class space    used 7665K, capacity 8161K, committed 8192K, reserved 1048576K
}
Event: 37.130 GC heap before
{Heap before GC invocations=18 (full 3):
 PSYoungGen      total 133120K, used 9011K [0x00000000e0000000, 0x00000000ec280000, 0x0000000100000000)
  eden space 121344K, 0% used [0x00000000e0000000,0x00000000e0000000,0x00000000e7680000)
  from space 11776K, 76% used [0x00000000e7680000,0x00000000e7f4ccf0,0x00000000e8200000)
  to   space 12288K, 0% used [0x00000000eb680000,0x00000000eb680000,0x00000000ec280000)
 ParOldGen       total 53760K, used 29337K [0x00000000a0000000, 0x00000000a3480000, 0x00000000e0000000)
  object space 53760K, 54% used [0x00000000a0000000,0x00000000a1ca6408,0x00000000a3480000)
 Metaspace       used 57211K, capacity 58978K, committed 59028K, reserved 1099776K
  class space    used 7665K, capacity 8161K, committed 8192K, reserved 1048576K
Event: 37.520 GC heap after
Heap after GC invocations=18 (full 3):
 PSYoungGen      total 133120K, used 0K [0x00000000e0000000, 0x00000000ec280000, 0x0000000100000000)
  eden space 121344K, 0% used [0x00000000e0000000,0x00000000e0000000,0x00000000e7680000)
  from space 11776K, 0% used [0x00000000e7680000,0x00000000e7680000,0x00000000e8200000)
  to   space 12288K, 0% used [0x00000000eb680000,0x00000000eb680000,0x00000000ec280000)
 ParOldGen       total 83968K, used 34077K [0x00000000a0000000, 0x00000000a5200000, 0x00000000e0000000)
  object space 83968K, 40% used [0x00000000a0000000,0x00000000a21476d0,0x00000000a5200000)
 Metaspace       used 57211K, capacity 58978K, committed 59028K, reserved 1099776K
  class space    used 7665K, capacity 8161K, committed 8192K, reserved 1048576K
}
Event: 38.542 GC heap before
{Heap before GC invocations=19 (full 3):
 PSYoungGen      total 133120K, used 121344K [0x00000000e0000000, 0x00000000ec280000, 0x0000000100000000)
  eden space 121344K, 100% used [0x00000000e0000000,0x00000000e7680000,0x00000000e7680000)
  from space 11776K, 0% used [0x00000000e7680000,0x00000000e7680000,0x00000000e8200000)
  to   space 12288K, 0% used [0x00000000eb680000,0x00000000eb680000,0x00000000ec280000)
 ParOldGen       total 83968K, used 34077K [0x00000000a0000000, 0x00000000a5200000, 0x00000000e0000000)
  object space 83968K, 40% used [0x00000000a0000000,0x00000000a21476d0,0x00000000a5200000)
 Metaspace       used 58590K, capacity 60574K, committed 60760K, reserved 1101824K
  class space    used 7907K, capacity 8464K, committed 8576K, reserved 1048576K
Event: 38.576 GC heap after
Heap after GC invocations=19 (full 3):
 PSYoungGen      total 176128K, used 12288K [0x00000000e0000000, 0x00000000ec280000, 0x0000000100000000)
  eden space 163840K, 0% used [0x00000000e0000000,0x00000000e0000000,0x00000000ea000000)
  from space 12288K, 100% used [0x00000000eb680000,0x00000000ec280000,0x00000000ec280000)
  to   space 15360K, 0% used [0x00000000ea480000,0x00000000ea480000,0x00000000eb380000)
 ParOldGen       total 83968K, used 37662K [0x00000000a0000000, 0x00000000a5200000, 0x00000000e0000000)
  object space 83968K, 44% used [0x00000000a0000000,0x00000000a24c7ac8,0x00000000a5200000)
 Metaspace       used 58590K, capacity 60574K, committed 60760K, reserved 1101824K
  class space    used 7907K, capacity 8464K, committed 8576K, reserved 1048576K
}
Event: 42.096 GC heap before
{Heap before GC invocations=20 (full 3):
 PSYoungGen      total 176128K, used 176128K [0x00000000e0000000, 0x00000000ec280000, 0x0000000100000000)
  eden space 163840K, 100% used [0x00000000e0000000,0x00000000ea000000,0x00000000ea000000)
  from space 12288K, 100% used [0x00000000eb680000,0x00000000ec280000,0x00000000ec280000)
  to   space 15360K, 0% used [0x00000000ea480000,0x00000000ea480000,0x00000000eb380000)
 ParOldGen       total 83968K, used 37662K [0x00000000a0000000, 0x00000000a5200000, 0x00000000e0000000)
  object space 83968K, 44% used [0x00000000a0000000,0x00000000a24c7ac8,0x00000000a5200000)
 Metaspace       used 68172K, capacity 71064K, committed 71128K, reserved 1110016K
  class space    used 9043K, capacity 9723K, committed 9728K, reserved 1048576K
Event: 42.137 GC heap after
Heap after GC invocations=20 (full 3):
 PSYoungGen      total 183808K, used 15156K [0x00000000e0000000, 0x00000000ee600000, 0x0000000100000000)
  eden space 168448K, 0% used [0x00000000e0000000,0x00000000e0000000,0x00000000ea480000)
  from space 15360K, 98% used [0x00000000ea480000,0x00000000eb34d228,0x00000000eb380000)
  to   space 17408K, 0% used [0x00000000ed500000,0x00000000ed500000,0x00000000ee600000)
 ParOldGen       total 83968K, used 49958K [0x00000000a0000000, 0x00000000a5200000, 0x00000000e0000000)
  object space 83968K, 59% used [0x00000000a0000000,0x00000000a30c9830,0x00000000a5200000)
 Metaspace       used 68172K, capacity 71064K, committed 71128K, reserved 1110016K
  class space    used 9043K, capacity 9723K, committed 9728K, reserved 1048576K
}
Event: 100.373 GC heap before
{Heap before GC invocations=21 (full 3):
 PSYoungGen      total 183808K, used 183604K [0x00000000e0000000, 0x00000000ee600000, 0x0000000100000000)
  eden space 168448K, 100% used [0x00000000e0000000,0x00000000ea480000,0x00000000ea480000)
  from space 15360K, 98% used [0x00000000ea480000,0x00000000eb34d228,0x00000000eb380000)
  to   space 17408K, 0% used [0x00000000ed500000,0x00000000ed500000,0x00000000ee600000)
 ParOldGen       total 83968K, used 49958K [0x00000000a0000000, 0x00000000a5200000, 0x00000000e0000000)
  object space 83968K, 59% used [0x00000000a0000000,0x00000000a30c9830,0x00000000a5200000)
 Metaspace       used 71964K, capacity 75308K, committed 75608K, reserved 1114112K
  class space    used 9526K, capacity 10313K, committed 10368K, reserved 1048576K
Event: 100.406 GC heap after
Heap after GC invocations=21 (full 3):
 PSYoungGen      total 218624K, used 6299K [0x00000000e0000000, 0x00000000ee600000, 0x0000000100000000)
  eden space 201216K, 0% used [0x00000000e0000000,0x00000000e0000000,0x00000000ec480000)
  from space 17408K, 36% used [0x00000000ed500000,0x00000000edb26df8,0x00000000ee600000)
  to   space 16896K, 0% used [0x00000000ec480000,0x00000000ec480000,0x00000000ed500000)
 ParOldGen       total 83968K, used 57207K [0x00000000a0000000, 0x00000000a5200000, 0x00000000e0000000)
  object space 83968K, 68% used [0x00000000a0000000,0x00000000a37ddd20,0x00000000a5200000)
 Metaspace       used 71964K, capacity 75308K, committed 75608K, reserved 1114112K
  class space    used 9526K, capacity 10313K, committed 10368K, reserved 1048576K
}

