# JRE version: OpenJDK Runtime Environment (8.0_152-b01) (build 1.8.0_152-release-915-b01)
# Java VM: OpenJDK 64-Bit Server VM (25.152-b01 mixed mode windows-amd64 compressed oops)
Heap:
 PSYoungGen      total 200192K, used 184858K [0x00000000e0000000, 0x00000000ef780000, 0x0000000100000000)
  eden space 183296K, 92% used [0x00000000e0000000,0x00000000ea58bbf8,0x00000000eb300000)
  from space 16896K, 90% used [0x00000000eb300000,0x00000000ec1fad88,0x00000000ec380000)
  to   space 18944K, 0% used [0x00000000ee500000,0x00000000ee500000,0x00000000ef780000)
 ParOldGen       total 86016K, used 49204K [0x00000000a0000000, 0x00000000a5400000, 0x00000000e0000000)
  object space 86016K, 57% used [0x00000000a0000000,0x00000000a300d320,0x00000000a5400000)
 Metaspace       used 72047K, capacity 75462K, committed 75608K, reserved 1114112K
  class space    used 9510K, capacity 10316K, committed 10368K, reserved 1048576K
GC Heap History (10 events):
Event: 25.752 GC heap before
{Heap before GC invocations=16 (full 2):
 PSYoungGen      total 119808K, used 119798K [0x00000000e0000000, 0x00000000ea300000, 0x0000000100000000)
  eden space 109056K, 100% used [0x00000000e0000000,0x00000000e6a80000,0x00000000e6a80000)
  from space 10752K, 99% used [0x00000000e6a80000,0x00000000e74fda50,0x00000000e7500000)
  to   space 13312K, 0% used [0x00000000e9600000,0x00000000e9600000,0x00000000ea300000)
 ParOldGen       total 56832K, used 22038K [0x00000000a0000000, 0x00000000a3780000, 0x00000000e0000000)
  object space 56832K, 38% used [0x00000000a0000000,0x00000000a1585af8,0x00000000a3780000)
 Metaspace       used 55079K, capacity 56780K, committed 56920K, reserved 1097728K
  class space    used 7322K, capacity 7808K, committed 7808K, reserved 1048576K
Event: 25.770 GC heap after
Heap after GC invocations=16 (full 2):
 PSYoungGen      total 152576K, used 9741K [0x00000000e0000000, 0x00000000ea900000, 0x0000000100000000)
  eden space 139264K, 0% used [0x00000000e0000000,0x00000000e0000000,0x00000000e8800000)
  from space 13312K, 73% used [0x00000000e9600000,0x00000000e9f83540,0x00000000ea300000)
  to   space 14336K, 0% used [0x00000000e8800000,0x00000000e8800000,0x00000000e9600000)
 ParOldGen       total 56832K, used 28850K [0x00000000a0000000, 0x00000000a3780000, 0x00000000e0000000)
  object space 56832K, 50% used [0x00000000a0000000,0x00000000a1c2c9d0,0x00000000a3780000)
 Metaspace       used 55079K, capacity 56780K, committed 56920K, reserved 1097728K
  class space    used 7322K, capacity 7808K, committed 7808K, reserved 1048576K
}
Event: 26.441 GC heap before
{Heap before GC invocations=17 (full 2):
 PSYoungGen      total 152576K, used 54151K [0x00000000e0000000, 0x00000000ea900000, 0x0000000100000000)
  eden space 139264K, 31% used [0x00000000e0000000,0x00000000e2b5e7d0,0x00000000e8800000)
  from space 13312K, 73% used [0x00000000e9600000,0x00000000e9f83540,0x00000000ea300000)
  to   space 14336K, 0% used [0x00000000e8800000,0x00000000e8800000,0x00000000e9600000)
 ParOldGen       total 56832K, used 28850K [0x00000000a0000000, 0x00000000a3780000, 0x00000000e0000000)
  object space 56832K, 50% used [0x00000000a0000000,0x00000000a1c2c9d0,0x00000000a3780000)
 Metaspace       used 57197K, capacity 58942K, committed 59028K, reserved 1099776K
  class space    used 7658K, capacity 8127K, committed 8192K, reserved 1048576K
Event: 26.454 GC heap after
Heap after GC invocations=17 (full 2):
 PSYoungGen      total 153600K, used 4326K [0x00000000e0000000, 0x00000000ed400000, 0x0000000100000000)
  eden space 139264K, 0% used [0x00000000e0000000,0x00000000e0000000,0x00000000e8800000)
  from space 14336K, 30% used [0x00000000e8800000,0x00000000e8c39938,0x00000000e9600000)
  to   space 13824K, 0% used [0x00000000ec680000,0x00000000ec680000,0x00000000ed400000)
 ParOldGen       total 56832K, used 33465K [0x00000000a0000000, 0x00000000a3780000, 0x00000000e0000000)
  object space 56832K, 58% used [0x00000000a0000000,0x00000000a20ae6a8,0x00000000a3780000)
 Metaspace       used 57197K, capacity 58942K, committed 59028K, reserved 1099776K
  class space    used 7658K, capacity 8127K, committed 8192K, reserved 1048576K
}
Event: 26.454 GC heap before
{Heap before GC invocations=18 (full 3):
 PSYoungGen      total 153600K, used 4326K [0x00000000e0000000, 0x00000000ed400000, 0x0000000100000000)
  eden space 139264K, 0% used [0x00000000e0000000,0x00000000e0000000,0x00000000e8800000)
  from space 14336K, 30% used [0x00000000e8800000,0x00000000e8c39938,0x00000000e9600000)
  to   space 13824K, 0% used [0x00000000ec680000,0x00000000ec680000,0x00000000ed400000)
 ParOldGen       total 56832K, used 33465K [0x00000000a0000000, 0x00000000a3780000, 0x00000000e0000000)
  object space 56832K, 58% used [0x00000000a0000000,0x00000000a20ae6a8,0x00000000a3780000)
 Metaspace       used 57197K, capacity 58942K, committed 59028K, reserved 1099776K
  class space    used 7658K, capacity 8127K, committed 8192K, reserved 1048576K
Event: 26.742 GC heap after
Heap after GC invocations=18 (full 3):
 PSYoungGen      total 153600K, used 0K [0x00000000e0000000, 0x00000000ed400000, 0x0000000100000000)
  eden space 139264K, 0% used [0x00000000e0000000,0x00000000e0000000,0x00000000e8800000)
  from space 14336K, 0% used [0x00000000e8800000,0x00000000e8800000,0x00000000e9600000)
  to   space 13824K, 0% used [0x00000000ec680000,0x00000000ec680000,0x00000000ed400000)
 ParOldGen       total 86016K, used 32242K [0x00000000a0000000, 0x00000000a5400000, 0x00000000e0000000)
  object space 86016K, 37% used [0x00000000a0000000,0x00000000a1f7caf0,0x00000000a5400000)
 Metaspace       used 57197K, capacity 58942K, committed 59028K, reserved 1099776K
  class space    used 7658K, capacity 8127K, committed 8192K, reserved 1048576K
}
Event: 28.143 GC heap before
{Heap before GC invocations=19 (full 3):
 PSYoungGen      total 153600K, used 139264K [0x00000000e0000000, 0x00000000ed400000, 0x0000000100000000)
  eden space 139264K, 100% used [0x00000000e0000000,0x00000000e8800000,0x00000000e8800000)
  from space 14336K, 0% used [0x00000000e8800000,0x00000000e8800000,0x00000000e9600000)
  to   space 13824K, 0% used [0x00000000ec680000,0x00000000ec680000,0x00000000ed400000)
 ParOldGen       total 86016K, used 32242K [0x00000000a0000000, 0x00000000a5400000, 0x00000000e0000000)
  object space 86016K, 37% used [0x00000000a0000000,0x00000000a1f7caf0,0x00000000a5400000)
 Metaspace       used 59216K, capacity 61306K, committed 61528K, reserved 1101824K
  class space    used 8010K, capacity 8546K, committed 8576K, reserved 1048576K
Event: 28.201 GC heap after
Heap after GC invocations=19 (full 3):
 PSYoungGen      total 192512K, used 13824K [0x00000000e0000000, 0x00000000ed400000, 0x0000000100000000)
  eden space 178688K, 0% used [0x00000000e0000000,0x00000000e0000000,0x00000000eae80000)
  from space 13824K, 100% used [0x00000000ec680000,0x00000000ed400000,0x00000000ed400000)
  to   space 16896K, 0% used [0x00000000eb300000,0x00000000eb300000,0x00000000ec380000)
 ParOldGen       total 86016K, used 35440K [0x00000000a0000000, 0x00000000a5400000, 0x00000000e0000000)
  object space 86016K, 41% used [0x00000000a0000000,0x00000000a229c2b8,0x00000000a5400000)
 Metaspace       used 59216K, capacity 61306K, committed 61528K, reserved 1101824K
  class space    used 8010K, capacity 8546K, committed 8576K, reserved 1048576K
}
Event: 43.603 GC heap before
{Heap before GC invocations=20 (full 3):
 PSYoungGen      total 192512K, used 192512K [0x00000000e0000000, 0x00000000ed400000, 0x0000000100000000)
  eden space 178688K, 100% used [0x00000000e0000000,0x00000000eae80000,0x00000000eae80000)
  from space 13824K, 100% used [0x00000000ec680000,0x00000000ed400000,0x00000000ed400000)
  to   space 16896K, 0% used [0x00000000eb300000,0x00000000eb300000,0x00000000ec380000)
 ParOldGen       total 86016K, used 35440K [0x00000000a0000000, 0x00000000a5400000, 0x00000000e0000000)
  object space 86016K, 41% used [0x00000000a0000000,0x00000000a229c2b8,0x00000000a5400000)
 Metaspace       used 68604K, capacity 71642K, committed 71768K, reserved 1112064K
  class space    used 9086K, capacity 9812K, committed 9856K, reserved 1048576K
Event: 44.068 GC heap after
Heap after GC invocations=20 (full 3):
 PSYoungGen      total 200192K, used 15339K [0x00000000e0000000, 0x00000000ef780000, 0x0000000100000000)
  eden space 183296K, 0% used [0x00000000e0000000,0x00000000e0000000,0x00000000eb300000)
  from space 16896K, 90% used [0x00000000eb300000,0x00000000ec1fad88,0x00000000ec380000)
  to   space 18944K, 0% used [0x00000000ee500000,0x00000000ee500000,0x00000000ef780000)
 ParOldGen       total 86016K, used 49204K [0x00000000a0000000, 0x00000000a5400000, 0x00000000e0000000)
  object space 86016K, 57% used [0x00000000a0000000,0x00000000a300d320,0x00000000a5400000)
 Metaspace       used 68604K, capacity 71642K, committed 71768K, reserved 1112064K
  class space    used 9086K, capacity 9812K, committed 9856K, reserved 1048576K
}

