# JRE version: OpenJDK Runtime Environment (8.0_152-b01) (build 1.8.0_152-release-915-b01)
# Java VM: OpenJDK 64-Bit Server VM (25.152-b01 mixed mode windows-amd64 compressed oops)
Heap:
 PSYoungGen      total 98304K, used 66701K [0x00000000e0000000, 0x00000000e7480000, 0x0000000100000000)
  eden space 91648K, 65% used [0x00000000e0000000,0x00000000e3af22f8,0x00000000e5980000)
  from space 6656K, 95% used [0x00000000e6e00000,0x00000000e7431198,0x00000000e7480000)
  to   space 7168K, 0% used [0x00000000e6680000,0x00000000e6680000,0x00000000e6d80000)
 ParOldGen       total 49664K, used 16593K [0x00000000a0000000, 0x00000000a3080000, 0x00000000e0000000)
  object space 49664K, 33% used [0x00000000a0000000,0x00000000a1034708,0x00000000a3080000)
 Metaspace       used 43814K, capacity 44898K, committed 45144K, reserved 1087488K
  class space    used 5865K, capacity 6227K, committed 6272K, reserved 1048576K
GC Heap History (10 events):
Event: 15.905 GC heap before
{Heap before GC invocations=12 (full 1):
 PSYoungGen      total 54272K, used 53212K [0x00000000e0000000, 0x00000000e3b00000, 0x0000000100000000)
  eden space 48128K, 100% used [0x00000000e0000000,0x00000000e2f00000,0x00000000e2f00000)
  from space 6144K, 82% used [0x00000000e3500000,0x00000000e39f7288,0x00000000e3b00000)
  to   space 6144K, 0% used [0x00000000e2f00000,0x00000000e2f00000,0x00000000e3500000)
 ParOldGen       total 30208K, used 8698K [0x00000000a0000000, 0x00000000a1d80000, 0x00000000e0000000)
  object space 30208K, 28% used [0x00000000a0000000,0x00000000a087e9e8,0x00000000a1d80000)
 Metaspace       used 28890K, capacity 29660K, committed 29952K, reserved 1075200K
  class space    used 4049K, capacity 4295K, committed 4352K, reserved 1048576K
Event: 15.917 GC heap after
Heap after GC invocations=12 (full 1):
 PSYoungGen      total 54272K, used 5563K [0x00000000e0000000, 0x00000000e5380000, 0x0000000100000000)
  eden space 48128K, 0% used [0x00000000e0000000,0x00000000e0000000,0x00000000e2f00000)
  from space 6144K, 90% used [0x00000000e2f00000,0x00000000e346edc0,0x00000000e3500000)
  to   space 6656K, 0% used [0x00000000e4d00000,0x00000000e4d00000,0x00000000e5380000)
 ParOldGen       total 30208K, used 11602K [0x00000000a0000000, 0x00000000a1d80000, 0x00000000e0000000)
  object space 30208K, 38% used [0x00000000a0000000,0x00000000a0b54948,0x00000000a1d80000)
 Metaspace       used 28890K, capacity 29660K, committed 29952K, reserved 1075200K
  class space    used 4049K, capacity 4295K, committed 4352K, reserved 1048576K
}
Event: 17.020 GC heap before
{Heap before GC invocations=13 (full 1):
 PSYoungGen      total 54272K, used 53691K [0x00000000e0000000, 0x00000000e5380000, 0x0000000100000000)
  eden space 48128K, 100% used [0x00000000e0000000,0x00000000e2f00000,0x00000000e2f00000)
  from space 6144K, 90% used [0x00000000e2f00000,0x00000000e346edc0,0x00000000e3500000)
  to   space 6656K, 0% used [0x00000000e4d00000,0x00000000e4d00000,0x00000000e5380000)
 ParOldGen       total 30208K, used 11602K [0x00000000a0000000, 0x00000000a1d80000, 0x00000000e0000000)
  object space 30208K, 38% used [0x00000000a0000000,0x00000000a0b54948,0x00000000a1d80000)
 Metaspace       used 31477K, capacity 32252K, committed 32512K, reserved 1077248K
  class space    used 4321K, capacity 4583K, committed 4608K, reserved 1048576K
Event: 17.031 GC heap after
Heap after GC invocations=13 (full 1):
 PSYoungGen      total 77824K, used 1991K [0x00000000e0000000, 0x00000000e5300000, 0x0000000100000000)
  eden space 71680K, 0% used [0x00000000e0000000,0x00000000e0000000,0x00000000e4600000)
  from space 6144K, 32% used [0x00000000e4d00000,0x00000000e4ef1e70,0x00000000e5300000)
  to   space 6656K, 0% used [0x00000000e4600000,0x00000000e4600000,0x00000000e4c80000)
 ParOldGen       total 30208K, used 14806K [0x00000000a0000000, 0x00000000a1d80000, 0x00000000e0000000)
  object space 30208K, 49% used [0x00000000a0000000,0x00000000a0e75968,0x00000000a1d80000)
 Metaspace       used 31477K, capacity 32252K, committed 32512K, reserved 1077248K
  class space    used 4321K, capacity 4583K, committed 4608K, reserved 1048576K
}
Event: 18.110 GC heap before
{Heap before GC invocations=14 (full 1):
 PSYoungGen      total 77824K, used 44918K [0x00000000e0000000, 0x00000000e5300000, 0x0000000100000000)
  eden space 71680K, 59% used [0x00000000e0000000,0x00000000e29eba48,0x00000000e4600000)
  from space 6144K, 32% used [0x00000000e4d00000,0x00000000e4ef1e70,0x00000000e5300000)
  to   space 6656K, 0% used [0x00000000e4600000,0x00000000e4600000,0x00000000e4c80000)
 ParOldGen       total 30208K, used 14806K [0x00000000a0000000, 0x00000000a1d80000, 0x00000000e0000000)
  object space 30208K, 49% used [0x00000000a0000000,0x00000000a0e75968,0x00000000a1d80000)
 Metaspace       used 34535K, capacity 35392K, committed 35416K, reserved 1079296K
  class space    used 4707K, capacity 4974K, committed 4992K, reserved 1048576K
Event: 18.121 GC heap after
Heap after GC invocations=14 (full 1):
 PSYoungGen      total 78336K, used 3951K [0x00000000e0000000, 0x00000000e7480000, 0x0000000100000000)
  eden space 71680K, 0% used [0x00000000e0000000,0x00000000e0000000,0x00000000e4600000)
  from space 6656K, 59% used [0x00000000e4600000,0x00000000e49dbfb8,0x00000000e4c80000)
  to   space 6656K, 0% used [0x00000000e6e00000,0x00000000e6e00000,0x00000000e7480000)
 ParOldGen       total 30208K, used 15746K [0x00000000a0000000, 0x00000000a1d80000, 0x00000000e0000000)
  object space 30208K, 52% used [0x00000000a0000000,0x00000000a0f609a8,0x00000000a1d80000)
 Metaspace       used 34535K, capacity 35392K, committed 35416K, reserved 1079296K
  class space    used 4707K, capacity 4974K, committed 4992K, reserved 1048576K
}
Event: 18.121 GC heap before
{Heap before GC invocations=15 (full 2):
 PSYoungGen      total 78336K, used 3951K [0x00000000e0000000, 0x00000000e7480000, 0x0000000100000000)
  eden space 71680K, 0% used [0x00000000e0000000,0x00000000e0000000,0x00000000e4600000)
  from space 6656K, 59% used [0x00000000e4600000,0x00000000e49dbfb8,0x00000000e4c80000)
  to   space 6656K, 0% used [0x00000000e6e00000,0x00000000e6e00000,0x00000000e7480000)
 ParOldGen       total 30208K, used 15746K [0x00000000a0000000, 0x00000000a1d80000, 0x00000000e0000000)
  object space 30208K, 52% used [0x00000000a0000000,0x00000000a0f609a8,0x00000000a1d80000)
 Metaspace       used 34535K, capacity 35392K, committed 35416K, reserved 1079296K
  class space    used 4707K, capacity 4974K, committed 4992K, reserved 1048576K
Event: 18.235 GC heap after
Heap after GC invocations=15 (full 2):
 PSYoungGen      total 78336K, used 0K [0x00000000e0000000, 0x00000000e7480000, 0x0000000100000000)
  eden space 71680K, 0% used [0x00000000e0000000,0x00000000e0000000,0x00000000e4600000)
  from space 6656K, 0% used [0x00000000e4600000,0x00000000e4600000,0x00000000e4c80000)
  to   space 6656K, 0% used [0x00000000e6e00000,0x00000000e6e00000,0x00000000e7480000)
 ParOldGen       total 49664K, used 16585K [0x00000000a0000000, 0x00000000a3080000, 0x00000000e0000000)
  object space 49664K, 33% used [0x00000000a0000000,0x00000000a1032708,0x00000000a3080000)
 Metaspace       used 34535K, capacity 35392K, committed 35416K, reserved 1079296K
  class space    used 4707K, capacity 4974K, committed 4992K, reserved 1048576K
}
Event: 19.228 GC heap before
{Heap before GC invocations=16 (full 2):
 PSYoungGen      total 78336K, used 71680K [0x00000000e0000000, 0x00000000e7480000, 0x0000000100000000)
  eden space 71680K, 100% used [0x00000000e0000000,0x00000000e4600000,0x00000000e4600000)
  from space 6656K, 0% used [0x00000000e4600000,0x00000000e4600000,0x00000000e4c80000)
  to   space 6656K, 0% used [0x00000000e6e00000,0x00000000e6e00000,0x00000000e7480000)
 ParOldGen       total 49664K, used 16585K [0x00000000a0000000, 0x00000000a3080000, 0x00000000e0000000)
  object space 49664K, 33% used [0x00000000a0000000,0x00000000a1032708,0x00000000a3080000)
 Metaspace       used 40633K, capacity 41532K, committed 41944K, reserved 1085440K
  class space    used 5446K, capacity 5761K, committed 5888K, reserved 1048576K
Event: 19.240 GC heap after
Heap after GC invocations=16 (full 2):
 PSYoungGen      total 98304K, used 6340K [0x00000000e0000000, 0x00000000e7480000, 0x0000000100000000)
  eden space 91648K, 0% used [0x00000000e0000000,0x00000000e0000000,0x00000000e5980000)
  from space 6656K, 95% used [0x00000000e6e00000,0x00000000e7431198,0x00000000e7480000)
  to   space 7168K, 0% used [0x00000000e6680000,0x00000000e6680000,0x00000000e6d80000)
 ParOldGen       total 49664K, used 16593K [0x00000000a0000000, 0x00000000a3080000, 0x00000000e0000000)
  object space 49664K, 33% used [0x00000000a0000000,0x00000000a1034708,0x00000000a3080000)
 Metaspace       used 40633K, capacity 41532K, committed 41944K, reserved 1085440K
  class space    used 5446K, capacity 5761K, committed 5888K, reserved 1048576K
}

